# JRE version: Java(TM) SE Runtime Environment (8.0_333-b02) (build 1.8.0_333-b02)
# Java VM: Java HotSpot(TM) 64-Bit Server VM (25.333-b02 mixed mode windows-amd64 compressed oops)
Heap:
 PSYoungGen      total 195584K, used 140002K [0x00000000ec180000, 0x00000000f9300000, 0x0000000100000000)
  eden space 186880K, 74% used [0x00000000ec180000,0x00000000f4a38b90,0x00000000f7800000)
  from space 8704K, 0% used [0x00000000f8a80000,0x00000000f8a80000,0x00000000f9300000)
  to   space 13824K, 0% used [0x00000000f7800000,0x00000000f7800000,0x00000000f8580000)
 ParOldGen       total 67584K, used 23610K [0x00000000c4400000, 0x00000000c8600000, 0x00000000ec180000)
  object space 67584K, 34% used [0x00000000c4400000,0x00000000c5b0eb08,0x00000000c8600000)
 Metaspace       used 61060K, capacity 65116K, committed 65280K, reserved 1105920K
  class space    used 8450K, capacity 9123K, committed 9216K, reserved 1048576K
GC Heap History (10 events):
Event: 7.854 GC heap before
{Heap before GC invocations=11 (full 1):
 PSYoungGen      total 128000K, used 12374K [0x00000000ec180000, 0x00000000f5f00000, 0x0000000100000000)
  eden space 120832K, 4% used [0x00000000ec180000,0x00000000ec699e98,0x00000000f3780000)
  from space 7168K, 99% used [0x00000000f3780000,0x00000000f3e7b9f0,0x00000000f3e80000)
  to   space 10240K, 0% used [0x00000000f5500000,0x00000000f5500000,0x00000000f5f00000)
 ParOldGen       total 30208K, used 12468K [0x00000000c4400000, 0x00000000c6180000, 0x00000000ec180000)
  object space 30208K, 41% used [0x00000000c4400000,0x00000000c502d0f8,0x00000000c6180000)
 Metaspace       used 33265K, capacity 35366K, committed 35496K, reserved 1079296K
  class space    used 4408K, capacity 4783K, committed 4864K, reserved 1048576K
Event: 7.864 GC heap after
Heap after GC invocations=11 (full 1):
 PSYoungGen      total 151552K, used 5688K [0x00000000ec180000, 0x00000000f7680000, 0x0000000100000000)
  eden space 141312K, 0% used [0x00000000ec180000,0x00000000ec180000,0x00000000f4b80000)
  from space 10240K, 55% used [0x00000000f5500000,0x00000000f5a8e050,0x00000000f5f00000)
  to   space 9728K, 0% used [0x00000000f4b80000,0x00000000f4b80000,0x00000000f5500000)
 ParOldGen       total 30208K, used 14734K [0x00000000c4400000, 0x00000000c6180000, 0x00000000ec180000)
  object space 30208K, 48% used [0x00000000c4400000,0x00000000c5263ad8,0x00000000c6180000)
 Metaspace       used 33265K, capacity 35366K, committed 35496K, reserved 1079296K
  class space    used 4408K, capacity 4783K, committed 4864K, reserved 1048576K
}
Event: 7.865 GC heap before
{Heap before GC invocations=12 (full 2):
 PSYoungGen      total 151552K, used 5688K [0x00000000ec180000, 0x00000000f7680000, 0x0000000100000000)
  eden space 141312K, 0% used [0x00000000ec180000,0x00000000ec180000,0x00000000f4b80000)
  from space 10240K, 55% used [0x00000000f5500000,0x00000000f5a8e050,0x00000000f5f00000)
  to   space 9728K, 0% used [0x00000000f4b80000,0x00000000f4b80000,0x00000000f5500000)
 ParOldGen       total 30208K, used 14734K [0x00000000c4400000, 0x00000000c6180000, 0x00000000ec180000)
  object space 30208K, 48% used [0x00000000c4400000,0x00000000c5263ad8,0x00000000c6180000)
 Metaspace       used 33265K, capacity 35366K, committed 35496K, reserved 1079296K
  class space    used 4408K, capacity 4783K, committed 4864K, reserved 1048576K
Event: 7.918 GC heap after
Heap after GC invocations=12 (full 2):
 PSYoungGen      total 151552K, used 0K [0x00000000ec180000, 0x00000000f7680000, 0x0000000100000000)
  eden space 141312K, 0% used [0x00000000ec180000,0x00000000ec180000,0x00000000f4b80000)
  from space 10240K, 0% used [0x00000000f5500000,0x00000000f5500000,0x00000000f5f00000)
  to   space 9728K, 0% used [0x00000000f4b80000,0x00000000f4b80000,0x00000000f5500000)
 ParOldGen       total 44544K, used 12394K [0x00000000c4400000, 0x00000000c6f80000, 0x00000000ec180000)
  object space 44544K, 27% used [0x00000000c4400000,0x00000000c501a840,0x00000000c6f80000)
 Metaspace       used 33265K, capacity 35366K, committed 35496K, reserved 1079296K
  class space    used 4408K, capacity 4783K, committed 4864K, reserved 1048576K
}
Event: 25.926 GC heap before
{Heap before GC invocations=13 (full 2):
 PSYoungGen      total 151552K, used 141312K [0x00000000ec180000, 0x00000000f7680000, 0x0000000100000000)
  eden space 141312K, 100% used [0x00000000ec180000,0x00000000f4b80000,0x00000000f4b80000)
  from space 10240K, 0% used [0x00000000f5500000,0x00000000f5500000,0x00000000f5f00000)
  to   space 9728K, 0% used [0x00000000f4b80000,0x00000000f4b80000,0x00000000f5500000)
 ParOldGen       total 44544K, used 12394K [0x00000000c4400000, 0x00000000c6f80000, 0x00000000ec180000)
  object space 44544K, 27% used [0x00000000c4400000,0x00000000c501a840,0x00000000c6f80000)
 Metaspace       used 49705K, capacity 52364K, committed 52480K, reserved 1093632K
  class space    used 6866K, capacity 7329K, committed 7424K, reserved 1048576K
Event: 25.970 GC heap after
Heap after GC invocations=13 (full 2):
 PSYoungGen      total 151040K, used 9698K [0x00000000ec180000, 0x00000000f9880000, 0x0000000100000000)
  eden space 141312K, 0% used [0x00000000ec180000,0x00000000ec180000,0x00000000f4b80000)
  from space 9728K, 99% used [0x00000000f4b80000,0x00000000f54f8ba8,0x00000000f5500000)
  to   space 14336K, 0% used [0x00000000f8a80000,0x00000000f8a80000,0x00000000f9880000)
 ParOldGen       total 44544K, used 21709K [0x00000000c4400000, 0x00000000c6f80000, 0x00000000ec180000)
  object space 44544K, 48% used [0x00000000c4400000,0x00000000c5933468,0x00000000c6f80000)
 Metaspace       used 49705K, capacity 52364K, committed 52480K, reserved 1093632K
  class space    used 6866K, capacity 7329K, committed 7424K, reserved 1048576K
}
Event: 32.425 GC heap before
{Heap before GC invocations=14 (full 2):
 PSYoungGen      total 151040K, used 69023K [0x00000000ec180000, 0x00000000f9880000, 0x0000000100000000)
  eden space 141312K, 41% used [0x00000000ec180000,0x00000000efb6f1e0,0x00000000f4b80000)
  from space 9728K, 99% used [0x00000000f4b80000,0x00000000f54f8ba8,0x00000000f5500000)
  to   space 14336K, 0% used [0x00000000f8a80000,0x00000000f8a80000,0x00000000f9880000)
 ParOldGen       total 44544K, used 21709K [0x00000000c4400000, 0x00000000c6f80000, 0x00000000ec180000)
  object space 44544K, 48% used [0x00000000c4400000,0x00000000c5933468,0x00000000c6f80000)
 Metaspace       used 55706K, capacity 59064K, committed 59160K, reserved 1099776K
  class space    used 7682K, capacity 8243K, committed 8320K, reserved 1048576K
Event: 32.445 GC heap after
Heap after GC invocations=14 (full 2):
 PSYoungGen      total 195584K, used 6611K [0x00000000ec180000, 0x00000000f9300000, 0x0000000100000000)
  eden space 186880K, 0% used [0x00000000ec180000,0x00000000ec180000,0x00000000f7800000)
  from space 8704K, 75% used [0x00000000f8a80000,0x00000000f90f4c00,0x00000000f9300000)
  to   space 13824K, 0% used [0x00000000f7800000,0x00000000f7800000,0x00000000f8580000)
 ParOldGen       total 44544K, used 27975K [0x00000000c4400000, 0x00000000c6f80000, 0x00000000ec180000)
  object space 44544K, 62% used [0x00000000c4400000,0x00000000c5f51c80,0x00000000c6f80000)
 Metaspace       used 55706K, capacity 59064K, committed 59160K, reserved 1099776K
  class space    used 7682K, capacity 8243K, committed 8320K, reserved 1048576K
}
Event: 32.445 GC heap before
{Heap before GC invocations=15 (full 3):
 PSYoungGen      total 195584K, used 6611K [0x00000000ec180000, 0x00000000f9300000, 0x0000000100000000)
  eden space 186880K, 0% used [0x00000000ec180000,0x00000000ec180000,0x00000000f7800000)
  from space 8704K, 75% used [0x00000000f8a80000,0x00000000f90f4c00,0x00000000f9300000)
  to   space 13824K, 0% used [0x00000000f7800000,0x00000000f7800000,0x00000000f8580000)
 ParOldGen       total 44544K, used 27975K [0x00000000c4400000, 0x00000000c6f80000, 0x00000000ec180000)
  object space 44544K, 62% used [0x00000000c4400000,0x00000000c5f51c80,0x00000000c6f80000)
 Metaspace       used 55706K, capacity 59064K, committed 59160K, reserved 1099776K
  class space    used 7682K, capacity 8243K, committed 8320K, reserved 1048576K
Event: 32.831 GC heap after
Heap after GC invocations=15 (full 3):
 PSYoungGen      total 195584K, used 0K [0x00000000ec180000, 0x00000000f9300000, 0x0000000100000000)
  eden space 186880K, 0% used [0x00000000ec180000,0x00000000ec180000,0x00000000f7800000)
  from space 8704K, 0% used [0x00000000f8a80000,0x00000000f8a80000,0x00000000f9300000)
  to   space 13824K, 0% used [0x00000000f7800000,0x00000000f7800000,0x00000000f8580000)
 ParOldGen       total 67584K, used 23610K [0x00000000c4400000, 0x00000000c8600000, 0x00000000ec180000)
  object space 67584K, 34% used [0x00000000c4400000,0x00000000c5b0eb08,0x00000000c8600000)
 Metaspace       used 55706K, capacity 59064K, committed 59160K, reserved 1099776K
  class space    used 7682K, capacity 8243K, committed 8320K, reserved 1048576K
}

